

Comenzando ordenamientos sobre 50 elementos

Ejecutando insertionSort con 50 elementos del set 'sets/set10.txt'
Tiempo final de ejecucion: 0.0005960000000000062 segundos 

Ejecutando selectionSort con 50 elementos del set 'sets/set10.txt'
Tiempo final de ejecucion: 0.0005399999999999988 segundos 

Ejecutando mergeSort con 50 elementos del set 'sets/set10.txt'
Tiempo final de ejecucion: 0.0005940000000000042 segundos 

Ejecutando quickSort con 50 elementos del set 'sets/set10.txt'
Tiempo final de ejecucion: 0.0003870000000000054 segundos 

Ejecutando heapSort con 50 elementos del set 'sets/set10.txt'
Tiempo final de ejecucion: 0.00019300000000000567 segundos 



Comenzando ordenamientos sobre 100 elementos

Ejecutando insertionSort con 100 elementos del set 'sets/set10.txt'
Tiempo final de ejecucion: 0.001573999999999999 segundos 

Ejecutando selectionSort con 100 elementos del set 'sets/set10.txt'
Tiempo final de ejecucion: 0.0014399999999999968 segundos 

Ejecutando mergeSort con 100 elementos del set 'sets/set10.txt'
Tiempo final de ejecucion: 0.0012530000000000041 segundos 

Ejecutando quickSort con 100 elementos del set 'sets/set10.txt'
Tiempo final de ejecucion: 0.0005129999999999996 segundos 

Ejecutando heapSort con 100 elementos del set 'sets/set10.txt'
Tiempo final de ejecucion: 0.00022199999999999998 segundos 



Comenzando ordenamientos sobre 500 elementos

Ejecutando insertionSort con 500 elementos del set 'sets/set10.txt'
Tiempo final de ejecucion: 0.012920999999999995 segundos 

Ejecutando selectionSort con 500 elementos del set 'sets/set10.txt'
Tiempo final de ejecucion: 0.012112000000000012 segundos 

Ejecutando mergeSort con 500 elementos del set 'sets/set10.txt'
Tiempo final de ejecucion: 0.0023890000000000022 segundos 

Ejecutando quickSort con 500 elementos del set 'sets/set10.txt'
Tiempo final de ejecucion: 0.0012090000000000017 segundos 

Ejecutando heapSort con 500 elementos del set 'sets/set10.txt'
Tiempo final de ejecucion: 0.0004180000000000017 segundos 



Comenzando ordenamientos sobre 1000 elementos

Ejecutando insertionSort con 1000 elementos del set 'sets/set10.txt'
Tiempo final de ejecucion: 0.054385 segundos 

Ejecutando selectionSort con 1000 elementos del set 'sets/set10.txt'
Tiempo final de ejecucion: 0.04766899999999999 segundos 

Ejecutando mergeSort con 1000 elementos del set 'sets/set10.txt'
Tiempo final de ejecucion: 0.005153999999999992 segundos 

Ejecutando quickSort con 1000 elementos del set 'sets/set10.txt'
Tiempo final de ejecucion: 0.002620000000000011 segundos 

Ejecutando heapSort con 1000 elementos del set 'sets/set10.txt'
Tiempo final de ejecucion: 0.0008350000000000024 segundos 



Comenzando ordenamientos sobre 2000 elementos

Ejecutando insertionSort con 2000 elementos del set 'sets/set10.txt'
Tiempo final de ejecucion: 0.21349900000000002 segundos 

Ejecutando selectionSort con 2000 elementos del set 'sets/set10.txt'
Tiempo final de ejecucion: 0.18447800000000003 segundos 

Ejecutando mergeSort con 2000 elementos del set 'sets/set10.txt'
Tiempo final de ejecucion: 0.011187999999999976 segundos 

Ejecutando quickSort con 2000 elementos del set 'sets/set10.txt'
Tiempo final de ejecucion: 0.005518999999999941 segundos 

Ejecutando heapSort con 2000 elementos del set 'sets/set10.txt'
Tiempo final de ejecucion: 0.001727000000000034 segundos 



Comenzando ordenamientos sobre 3000 elementos

Ejecutando insertionSort con 3000 elementos del set 'sets/set10.txt'
Tiempo final de ejecucion: 0.4751710000000001 segundos 

Ejecutando selectionSort con 3000 elementos del set 'sets/set10.txt'
Tiempo final de ejecucion: 0.39592099999999997 segundos 

Ejecutando mergeSort con 3000 elementos del set 'sets/set10.txt'
Tiempo final de ejecucion: 0.017217999999999956 segundos 

Ejecutando quickSort con 3000 elementos del set 'sets/set10.txt'
Tiempo final de ejecucion: 0.008618999999999932 segundos 

Ejecutando heapSort con 3000 elementos del set 'sets/set10.txt'
Tiempo final de ejecucion: 0.0027570000000001205 segundos 



Comenzando ordenamientos sobre 4000 elementos

Ejecutando insertionSort con 4000 elementos del set 'sets/set10.txt'
Tiempo final de ejecucion: 0.8434170000000001 segundos 

Ejecutando selectionSort con 4000 elementos del set 'sets/set10.txt'
Tiempo final de ejecucion: 0.7016790000000004 segundos 

Ejecutando mergeSort con 4000 elementos del set 'sets/set10.txt'
Tiempo final de ejecucion: 0.023870999999999754 segundos 

Ejecutando quickSort con 4000 elementos del set 'sets/set10.txt'
Tiempo final de ejecucion: 0.011797999999999753 segundos 

Ejecutando heapSort con 4000 elementos del set 'sets/set10.txt'
Tiempo final de ejecucion: 0.0035929999999999573 segundos 



Comenzando ordenamientos sobre 5000 elementos

Ejecutando insertionSort con 5000 elementos del set 'sets/set10.txt'
Tiempo final de ejecucion: 1.2845820000000003 segundos 

Ejecutando selectionSort con 5000 elementos del set 'sets/set10.txt'
Tiempo final de ejecucion: 1.1557489999999992 segundos 

Ejecutando mergeSort con 5000 elementos del set 'sets/set10.txt'
Tiempo final de ejecucion: 0.030117000000000616 segundos 

Ejecutando quickSort con 5000 elementos del set 'sets/set10.txt'
Tiempo final de ejecucion: 0.015075999999999645 segundos 

Ejecutando heapSort con 5000 elementos del set 'sets/set10.txt'
Tiempo final de ejecucion: 0.004583000000000226 segundos 



Comenzando ordenamientos sobre 7500 elementos

Ejecutando insertionSort con 7500 elementos del set 'sets/set10.txt'
Tiempo final de ejecucion: 2.958864 segundos 

Ejecutando selectionSort con 7500 elementos del set 'sets/set10.txt'
Tiempo final de ejecucion: 2.49183 segundos 

Ejecutando mergeSort con 7500 elementos del set 'sets/set10.txt'
Tiempo final de ejecucion: 0.046497999999999706 segundos 

Ejecutando quickSort con 7500 elementos del set 'sets/set10.txt'
Tiempo final de ejecucion: 0.02461500000000072 segundos 

Ejecutando heapSort con 7500 elementos del set 'sets/set10.txt'
Tiempo final de ejecucion: 0.007662999999999087 segundos 



Comenzando ordenamientos sobre 10000 elementos

Ejecutando insertionSort con 10000 elementos del set 'sets/set10.txt'
Tiempo final de ejecucion: 5.252551999999998 segundos 

Ejecutando selectionSort con 10000 elementos del set 'sets/set10.txt'
Tiempo final de ejecucion: 4.478669 segundos 

Ejecutando mergeSort con 10000 elementos del set 'sets/set10.txt'
Tiempo final de ejecucion: 0.06475000000000009 segundos 

Ejecutando quickSort con 10000 elementos del set 'sets/set10.txt'
Tiempo final de ejecucion: 0.03216199999999958 segundos 

Ejecutando heapSort con 10000 elementos del set 'sets/set10.txt'
Tiempo final de ejecucion: 0.009598999999997915 segundos 

