

Comenzando ordenamientos sobre 50 elementos

Ejecutando insertionSort con 50 elementos del set 'sets/set1.txt'
Tiempo final de ejecucion: 0.00022900000000000004 segundos 

Ejecutando selectionSort con 50 elementos del set 'sets/set1.txt'
Tiempo final de ejecucion: 0.0002009999999999998 segundos 

Ejecutando mergeSort con 50 elementos del set 'sets/set1.txt'
Tiempo final de ejecucion: 0.00021200000000000385 segundos 

Ejecutando quickSort con 50 elementos del set 'sets/set1.txt'
Tiempo final de ejecucion: 0.00013799999999999923 segundos 

Ejecutando heapSort con 50 elementos del set 'sets/set1.txt'
Tiempo final de ejecucion: 7.000000000000062e-05 segundos 



Comenzando ordenamientos sobre 100 elementos

Ejecutando insertionSort con 100 elementos del set 'sets/set1.txt'
Tiempo final de ejecucion: 0.0005259999999999987 segundos 

Ejecutando selectionSort con 100 elementos del set 'sets/set1.txt'
Tiempo final de ejecucion: 0.0006659999999999999 segundos 

Ejecutando mergeSort con 100 elementos del set 'sets/set1.txt'
Tiempo final de ejecucion: 0.00044299999999999895 segundos 

Ejecutando quickSort con 100 elementos del set 'sets/set1.txt'
Tiempo final de ejecucion: 0.0002479999999999982 segundos 

Ejecutando heapSort con 100 elementos del set 'sets/set1.txt'
Tiempo final de ejecucion: 0.00010600000000000193 segundos 



Comenzando ordenamientos sobre 500 elementos

Ejecutando insertionSort con 500 elementos del set 'sets/set1.txt'
Tiempo final de ejecucion: 0.011880000000000002 segundos 

Ejecutando selectionSort con 500 elementos del set 'sets/set1.txt'
Tiempo final de ejecucion: 0.012518000000000001 segundos 

Ejecutando mergeSort con 500 elementos del set 'sets/set1.txt'
Tiempo final de ejecucion: 0.0022950000000000054 segundos 

Ejecutando quickSort con 500 elementos del set 'sets/set1.txt'
Tiempo final de ejecucion: 0.0013250000000000067 segundos 

Ejecutando heapSort con 500 elementos del set 'sets/set1.txt'
Tiempo final de ejecucion: 0.0004070000000000046 segundos 



Comenzando ordenamientos sobre 1000 elementos

Ejecutando insertionSort con 1000 elementos del set 'sets/set1.txt'
Tiempo final de ejecucion: 0.05213700000000002 segundos 

Ejecutando selectionSort con 1000 elementos del set 'sets/set1.txt'
Tiempo final de ejecucion: 0.047962000000000005 segundos 

Ejecutando mergeSort con 1000 elementos del set 'sets/set1.txt'
Tiempo final de ejecucion: 0.004963999999999996 segundos 

Ejecutando quickSort con 1000 elementos del set 'sets/set1.txt'
Tiempo final de ejecucion: 0.002844000000000013 segundos 

Ejecutando heapSort con 1000 elementos del set 'sets/set1.txt'
Tiempo final de ejecucion: 0.0008630000000000027 segundos 



Comenzando ordenamientos sobre 2000 elementos

Ejecutando insertionSort con 2000 elementos del set 'sets/set1.txt'
Tiempo final de ejecucion: 0.208783 segundos 

Ejecutando selectionSort con 2000 elementos del set 'sets/set1.txt'
Tiempo final de ejecucion: 0.17499000000000003 segundos 

Ejecutando mergeSort con 2000 elementos del set 'sets/set1.txt'
Tiempo final de ejecucion: 0.011074000000000028 segundos 

Ejecutando quickSort con 2000 elementos del set 'sets/set1.txt'
Tiempo final de ejecucion: 0.006051999999999946 segundos 

Ejecutando heapSort con 2000 elementos del set 'sets/set1.txt'
Tiempo final de ejecucion: 0.0016619999999999413 segundos 



Comenzando ordenamientos sobre 3000 elementos

Ejecutando insertionSort con 3000 elementos del set 'sets/set1.txt'
Tiempo final de ejecucion: 0.4763029999999999 segundos 

Ejecutando selectionSort con 3000 elementos del set 'sets/set1.txt'
Tiempo final de ejecucion: 0.42015899999999995 segundos 

Ejecutando mergeSort con 3000 elementos del set 'sets/set1.txt'
Tiempo final de ejecucion: 0.017504999999999882 segundos 

Ejecutando quickSort con 3000 elementos del set 'sets/set1.txt'
Tiempo final de ejecucion: 0.009484999999999966 segundos 

Ejecutando heapSort con 3000 elementos del set 'sets/set1.txt'
Tiempo final de ejecucion: 0.0026530000000000165 segundos 



Comenzando ordenamientos sobre 4000 elementos

Ejecutando insertionSort con 4000 elementos del set 'sets/set1.txt'
Tiempo final de ejecucion: 0.8777760000000001 segundos 

Ejecutando selectionSort con 4000 elementos del set 'sets/set1.txt'
Tiempo final de ejecucion: 0.7242700000000002 segundos 

Ejecutando mergeSort con 4000 elementos del set 'sets/set1.txt'
Tiempo final de ejecucion: 0.023857000000000017 segundos 

Ejecutando quickSort con 4000 elementos del set 'sets/set1.txt'
Tiempo final de ejecucion: 0.012720000000000287 segundos 

Ejecutando heapSort con 4000 elementos del set 'sets/set1.txt'
Tiempo final de ejecucion: 0.003594000000000097 segundos 



Comenzando ordenamientos sobre 5000 elementos

Ejecutando insertionSort con 5000 elementos del set 'sets/set1.txt'
Tiempo final de ejecucion: 1.304081 segundos 

Ejecutando selectionSort con 5000 elementos del set 'sets/set1.txt'
Tiempo final de ejecucion: 1.1235600000000003 segundos 

Ejecutando mergeSort con 5000 elementos del set 'sets/set1.txt'
Tiempo final de ejecucion: 0.030123999999999818 segundos 

Ejecutando quickSort con 5000 elementos del set 'sets/set1.txt'
Tiempo final de ejecucion: 0.01610800000000001 segundos 

Ejecutando heapSort con 5000 elementos del set 'sets/set1.txt'
Tiempo final de ejecucion: 0.0047160000000001645 segundos 



Comenzando ordenamientos sobre 7500 elementos

Ejecutando insertionSort con 7500 elementos del set 'sets/set1.txt'
Tiempo final de ejecucion: 2.962803000000001 segundos 

Ejecutando selectionSort con 7500 elementos del set 'sets/set1.txt'
Tiempo final de ejecucion: 2.542396 segundos 

Ejecutando mergeSort con 7500 elementos del set 'sets/set1.txt'
Tiempo final de ejecucion: 0.04606599999999972 segundos 

Ejecutando quickSort con 7500 elementos del set 'sets/set1.txt'
Tiempo final de ejecucion: 0.025009999999999977 segundos 

Ejecutando heapSort con 7500 elementos del set 'sets/set1.txt'
Tiempo final de ejecucion: 0.007061999999999458 segundos 



Comenzando ordenamientos sobre 10000 elementos

Ejecutando insertionSort con 10000 elementos del set 'sets/set1.txt'
Tiempo final de ejecucion: 5.302296000000002 segundos 

Ejecutando selectionSort con 10000 elementos del set 'sets/set1.txt'
Tiempo final de ejecucion: 4.464966999999998 segundos 

Ejecutando mergeSort con 10000 elementos del set 'sets/set1.txt'
Tiempo final de ejecucion: 0.0661750000000012 segundos 

Ejecutando quickSort con 10000 elementos del set 'sets/set1.txt'
Tiempo final de ejecucion: 0.03525399999999834 segundos 

Ejecutando heapSort con 10000 elementos del set 'sets/set1.txt'
Tiempo final de ejecucion: 0.009764999999998025 segundos 

