

Comenzando ordenamientos sobre 50 elementos

Ejecutando insertionSort con 50 elementos del set 'sets/set2.txt'
Tiempo final de ejecucion: 0.00019399999999999973 segundos 

Ejecutando selectionSort con 50 elementos del set 'sets/set2.txt'
Tiempo final de ejecucion: 0.0002020000000000008 segundos 

Ejecutando mergeSort con 50 elementos del set 'sets/set2.txt'
Tiempo final de ejecucion: 0.00022300000000000098 segundos 

Ejecutando quickSort con 50 elementos del set 'sets/set2.txt'
Tiempo final de ejecucion: 0.0001480000000000023 segundos 

Ejecutando heapSort con 50 elementos del set 'sets/set2.txt'
Tiempo final de ejecucion: 6.899999999999962e-05 segundos 



Comenzando ordenamientos sobre 100 elementos

Ejecutando insertionSort con 100 elementos del set 'sets/set2.txt'
Tiempo final de ejecucion: 0.0004879999999999954 segundos 

Ejecutando selectionSort con 100 elementos del set 'sets/set2.txt'
Tiempo final de ejecucion: 0.0006000000000000033 segundos 

Ejecutando mergeSort con 100 elementos del set 'sets/set2.txt'
Tiempo final de ejecucion: 0.0004380000000000009 segundos 

Ejecutando quickSort con 100 elementos del set 'sets/set2.txt'
Tiempo final de ejecucion: 0.00023799999999999516 segundos 

Ejecutando heapSort con 100 elementos del set 'sets/set2.txt'
Tiempo final de ejecucion: 0.00010700000000000293 segundos 



Comenzando ordenamientos sobre 500 elementos

Ejecutando insertionSort con 500 elementos del set 'sets/set2.txt'
Tiempo final de ejecucion: 0.011964999999999996 segundos 

Ejecutando selectionSort con 500 elementos del set 'sets/set2.txt'
Tiempo final de ejecucion: 0.011574999999999995 segundos 

Ejecutando mergeSort con 500 elementos del set 'sets/set2.txt'
Tiempo final de ejecucion: 0.00257099999999999 segundos 

Ejecutando quickSort con 500 elementos del set 'sets/set2.txt'
Tiempo final de ejecucion: 0.0017230000000000023 segundos 

Ejecutando heapSort con 500 elementos del set 'sets/set2.txt'
Tiempo final de ejecucion: 0.0006359999999999977 segundos 



Comenzando ordenamientos sobre 1000 elementos

Ejecutando insertionSort con 1000 elementos del set 'sets/set2.txt'
Tiempo final de ejecucion: 0.047611 segundos 

Ejecutando selectionSort con 1000 elementos del set 'sets/set2.txt'
Tiempo final de ejecucion: 0.04478400000000002 segundos 

Ejecutando mergeSort con 1000 elementos del set 'sets/set2.txt'
Tiempo final de ejecucion: 0.005122000000000015 segundos 

Ejecutando quickSort con 1000 elementos del set 'sets/set2.txt'
Tiempo final de ejecucion: 0.00273000000000001 segundos 

Ejecutando heapSort con 1000 elementos del set 'sets/set2.txt'
Tiempo final de ejecucion: 0.0008340000000000014 segundos 



Comenzando ordenamientos sobre 2000 elementos

Ejecutando insertionSort con 2000 elementos del set 'sets/set2.txt'
Tiempo final de ejecucion: 0.21297800000000003 segundos 

Ejecutando selectionSort con 2000 elementos del set 'sets/set2.txt'
Tiempo final de ejecucion: 0.188419 segundos 

Ejecutando mergeSort con 2000 elementos del set 'sets/set2.txt'
Tiempo final de ejecucion: 0.011271000000000031 segundos 

Ejecutando quickSort con 2000 elementos del set 'sets/set2.txt'
Tiempo final de ejecucion: 0.005839999999999956 segundos 

Ejecutando heapSort con 2000 elementos del set 'sets/set2.txt'
Tiempo final de ejecucion: 0.0018329999999999735 segundos 



Comenzando ordenamientos sobre 3000 elementos

Ejecutando insertionSort con 3000 elementos del set 'sets/set2.txt'
Tiempo final de ejecucion: 0.49595299999999987 segundos 

Ejecutando selectionSort con 3000 elementos del set 'sets/set2.txt'
Tiempo final de ejecucion: 0.40032999999999985 segundos 

Ejecutando mergeSort con 3000 elementos del set 'sets/set2.txt'
Tiempo final de ejecucion: 0.01751899999999984 segundos 

Ejecutando quickSort con 3000 elementos del set 'sets/set2.txt'
Tiempo final de ejecucion: 0.008886999999999867 segundos 

Ejecutando heapSort con 3000 elementos del set 'sets/set2.txt'
Tiempo final de ejecucion: 0.0026060000000001082 segundos 



Comenzando ordenamientos sobre 4000 elementos

Ejecutando insertionSort con 4000 elementos del set 'sets/set2.txt'
Tiempo final de ejecucion: 0.8613870000000001 segundos 

Ejecutando selectionSort con 4000 elementos del set 'sets/set2.txt'
Tiempo final de ejecucion: 0.7139929999999999 segundos 

Ejecutando mergeSort con 4000 elementos del set 'sets/set2.txt'
Tiempo final de ejecucion: 0.02356999999999987 segundos 

Ejecutando quickSort con 4000 elementos del set 'sets/set2.txt'
Tiempo final de ejecucion: 0.01254600000000039 segundos 

Ejecutando heapSort con 4000 elementos del set 'sets/set2.txt'
Tiempo final de ejecucion: 0.003646999999999956 segundos 



Comenzando ordenamientos sobre 5000 elementos

Ejecutando insertionSort con 5000 elementos del set 'sets/set2.txt'
Tiempo final de ejecucion: 1.3599139999999998 segundos 

Ejecutando selectionSort con 5000 elementos del set 'sets/set2.txt'
Tiempo final de ejecucion: 1.0998549999999998 segundos 

Ejecutando mergeSort con 5000 elementos del set 'sets/set2.txt'
Tiempo final de ejecucion: 0.03034300000000023 segundos 

Ejecutando quickSort con 5000 elementos del set 'sets/set2.txt'
Tiempo final de ejecucion: 0.01547199999999993 segundos 

Ejecutando heapSort con 5000 elementos del set 'sets/set2.txt'
Tiempo final de ejecucion: 0.004507000000000261 segundos 



Comenzando ordenamientos sobre 7500 elementos

Ejecutando insertionSort con 7500 elementos del set 'sets/set2.txt'
Tiempo final de ejecucion: 3.046843 segundos 

Ejecutando selectionSort con 7500 elementos del set 'sets/set2.txt'
Tiempo final de ejecucion: 2.5240730000000013 segundos 

Ejecutando mergeSort con 7500 elementos del set 'sets/set2.txt'
Tiempo final de ejecucion: 0.047863999999998796 segundos 

Ejecutando quickSort con 7500 elementos del set 'sets/set2.txt'
Tiempo final de ejecucion: 0.024364000000000274 segundos 

Ejecutando heapSort con 7500 elementos del set 'sets/set2.txt'
Tiempo final de ejecucion: 0.007184999999999775 segundos 



Comenzando ordenamientos sobre 10000 elementos

Ejecutando insertionSort con 10000 elementos del set 'sets/set2.txt'
Tiempo final de ejecucion: 5.404848000000001 segundos 

Ejecutando selectionSort con 10000 elementos del set 'sets/set2.txt'
Tiempo final de ejecucion: 4.487475 segundos 

Ejecutando mergeSort con 10000 elementos del set 'sets/set2.txt'
Tiempo final de ejecucion: 0.08204100000000025 segundos 

Ejecutando quickSort con 10000 elementos del set 'sets/set2.txt'
Tiempo final de ejecucion: 0.03421200000000013 segundos 

Ejecutando heapSort con 10000 elementos del set 'sets/set2.txt'
Tiempo final de ejecucion: 0.010981000000001018 segundos 

