

Comenzando ordenamientos sobre 50 elementos

Ejecutando insertionSort con 50 elementos del set 'sets/set3.txt'
Tiempo final de ejecucion: 0.0006910000000000041 segundos 

Ejecutando selectionSort con 50 elementos del set 'sets/set3.txt'
Tiempo final de ejecucion: 0.0006180000000000005 segundos 

Ejecutando mergeSort con 50 elementos del set 'sets/set3.txt'
Tiempo final de ejecucion: 0.0006609999999999949 segundos 

Ejecutando quickSort con 50 elementos del set 'sets/set3.txt'
Tiempo final de ejecucion: 0.0003990000000000035 segundos 

Ejecutando heapSort con 50 elementos del set 'sets/set3.txt'
Tiempo final de ejecucion: 0.0001409999999999953 segundos 



Comenzando ordenamientos sobre 100 elementos

Ejecutando insertionSort con 100 elementos del set 'sets/set3.txt'
Tiempo final de ejecucion: 0.0010819999999999996 segundos 

Ejecutando selectionSort con 100 elementos del set 'sets/set3.txt'
Tiempo final de ejecucion: 0.001126999999999996 segundos 

Ejecutando mergeSort con 100 elementos del set 'sets/set3.txt'
Tiempo final de ejecucion: 0.0008679999999999938 segundos 

Ejecutando quickSort con 100 elementos del set 'sets/set3.txt'
Tiempo final de ejecucion: 0.00044800000000000395 segundos 

Ejecutando heapSort con 100 elementos del set 'sets/set3.txt'
Tiempo final de ejecucion: 0.00022199999999999998 segundos 



Comenzando ordenamientos sobre 500 elementos

Ejecutando insertionSort con 500 elementos del set 'sets/set3.txt'
Tiempo final de ejecucion: 0.016744999999999996 segundos 

Ejecutando selectionSort con 500 elementos del set 'sets/set3.txt'
Tiempo final de ejecucion: 0.012079000000000006 segundos 

Ejecutando mergeSort con 500 elementos del set 'sets/set3.txt'
Tiempo final de ejecucion: 0.0031979999999999925 segundos 

Ejecutando quickSort con 500 elementos del set 'sets/set3.txt'
Tiempo final de ejecucion: 0.0012849999999999945 segundos 

Ejecutando heapSort con 500 elementos del set 'sets/set3.txt'
Tiempo final de ejecucion: 0.0004190000000000027 segundos 



Comenzando ordenamientos sobre 1000 elementos

Ejecutando insertionSort con 1000 elementos del set 'sets/set3.txt'
Tiempo final de ejecucion: 0.05102200000000001 segundos 

Ejecutando selectionSort con 1000 elementos del set 'sets/set3.txt'
Tiempo final de ejecucion: 0.04788899999999999 segundos 

Ejecutando mergeSort con 1000 elementos del set 'sets/set3.txt'
Tiempo final de ejecucion: 0.005205999999999988 segundos 

Ejecutando quickSort con 1000 elementos del set 'sets/set3.txt'
Tiempo final de ejecucion: 0.0026660000000000017 segundos 

Ejecutando heapSort con 1000 elementos del set 'sets/set3.txt'
Tiempo final de ejecucion: 0.0008090000000000042 segundos 



Comenzando ordenamientos sobre 2000 elementos

Ejecutando insertionSort con 2000 elementos del set 'sets/set3.txt'
Tiempo final de ejecucion: 0.20871200000000004 segundos 

Ejecutando selectionSort con 2000 elementos del set 'sets/set3.txt'
Tiempo final de ejecucion: 0.187052 segundos 

Ejecutando mergeSort con 2000 elementos del set 'sets/set3.txt'
Tiempo final de ejecucion: 0.011341999999999963 segundos 

Ejecutando quickSort con 2000 elementos del set 'sets/set3.txt'
Tiempo final de ejecucion: 0.005707000000000018 segundos 

Ejecutando heapSort con 2000 elementos del set 'sets/set3.txt'
Tiempo final de ejecucion: 0.001747000000000054 segundos 



Comenzando ordenamientos sobre 3000 elementos

Ejecutando insertionSort con 3000 elementos del set 'sets/set3.txt'
Tiempo final de ejecucion: 0.459341 segundos 

Ejecutando selectionSort con 3000 elementos del set 'sets/set3.txt'
Tiempo final de ejecucion: 0.4327940000000001 segundos 

Ejecutando mergeSort con 3000 elementos del set 'sets/set3.txt'
Tiempo final de ejecucion: 0.018121000000000054 segundos 

Ejecutando quickSort con 3000 elementos del set 'sets/set3.txt'
Tiempo final de ejecucion: 0.008904000000000023 segundos 

Ejecutando heapSort con 3000 elementos del set 'sets/set3.txt'
Tiempo final de ejecucion: 0.0026679999999998927 segundos 



Comenzando ordenamientos sobre 4000 elementos

Ejecutando insertionSort con 4000 elementos del set 'sets/set3.txt'
Tiempo final de ejecucion: 0.8673100000000002 segundos 

Ejecutando selectionSort con 4000 elementos del set 'sets/set3.txt'
Tiempo final de ejecucion: 0.7081519999999997 segundos 

Ejecutando mergeSort con 4000 elementos del set 'sets/set3.txt'
Tiempo final de ejecucion: 0.024519999999999875 segundos 

Ejecutando quickSort con 4000 elementos del set 'sets/set3.txt'
Tiempo final de ejecucion: 0.012280999999999764 segundos 

Ejecutando heapSort con 4000 elementos del set 'sets/set3.txt'
Tiempo final de ejecucion: 0.003618000000000343 segundos 



Comenzando ordenamientos sobre 5000 elementos

Ejecutando insertionSort con 5000 elementos del set 'sets/set3.txt'
Tiempo final de ejecucion: 1.3400090000000002 segundos 

Ejecutando selectionSort con 5000 elementos del set 'sets/set3.txt'
Tiempo final de ejecucion: 1.1021539999999996 segundos 

Ejecutando mergeSort con 5000 elementos del set 'sets/set3.txt'
Tiempo final de ejecucion: 0.03185200000000066 segundos 

Ejecutando quickSort con 5000 elementos del set 'sets/set3.txt'
Tiempo final de ejecucion: 0.01547400000000021 segundos 

Ejecutando heapSort con 5000 elementos del set 'sets/set3.txt'
Tiempo final de ejecucion: 0.004607000000000028 segundos 



Comenzando ordenamientos sobre 7500 elementos

Ejecutando insertionSort con 7500 elementos del set 'sets/set3.txt'
Tiempo final de ejecucion: 2.9380380000000006 segundos 

Ejecutando selectionSort con 7500 elementos del set 'sets/set3.txt'
Tiempo final de ejecucion: 2.517925 segundos 

Ejecutando mergeSort con 7500 elementos del set 'sets/set3.txt'
Tiempo final de ejecucion: 0.049576999999999316 segundos 

Ejecutando quickSort con 7500 elementos del set 'sets/set3.txt'
Tiempo final de ejecucion: 0.02473799999999926 segundos 

Ejecutando heapSort con 7500 elementos del set 'sets/set3.txt'
Tiempo final de ejecucion: 0.007229000000000596 segundos 



Comenzando ordenamientos sobre 10000 elementos

Ejecutando insertionSort con 10000 elementos del set 'sets/set3.txt'
Tiempo final de ejecucion: 5.345233000000002 segundos 

Ejecutando selectionSort con 10000 elementos del set 'sets/set3.txt'
Tiempo final de ejecucion: 4.458487999999999 segundos 

Ejecutando mergeSort con 10000 elementos del set 'sets/set3.txt'
Tiempo final de ejecucion: 0.06585799999999864 segundos 

Ejecutando quickSort con 10000 elementos del set 'sets/set3.txt'
Tiempo final de ejecucion: 0.033343999999999596 segundos 

Ejecutando heapSort con 10000 elementos del set 'sets/set3.txt'
Tiempo final de ejecucion: 0.009823999999998279 segundos 

