

Comenzando ordenamientos sobre 50 elementos

Ejecutando insertionSort con 50 elementos del set 'sets/set4.txt'
Tiempo final de ejecucion: 0.0004709999999999992 segundos 

Ejecutando selectionSort con 50 elementos del set 'sets/set4.txt'
Tiempo final de ejecucion: 0.00041200000000000264 segundos 

Ejecutando mergeSort con 50 elementos del set 'sets/set4.txt'
Tiempo final de ejecucion: 0.0004289999999999988 segundos 

Ejecutando quickSort con 50 elementos del set 'sets/set4.txt'
Tiempo final de ejecucion: 0.0002559999999999993 segundos 

Ejecutando heapSort con 50 elementos del set 'sets/set4.txt'
Tiempo final de ejecucion: 0.00014100000000000223 segundos 



Comenzando ordenamientos sobre 100 elementos

Ejecutando insertionSort con 100 elementos del set 'sets/set4.txt'
Tiempo final de ejecucion: 0.0013179999999999997 segundos 

Ejecutando selectionSort con 100 elementos del set 'sets/set4.txt'
Tiempo final de ejecucion: 0.0015900000000000011 segundos 

Ejecutando mergeSort con 100 elementos del set 'sets/set4.txt'
Tiempo final de ejecucion: 0.0013019999999999976 segundos 

Ejecutando quickSort con 100 elementos del set 'sets/set4.txt'
Tiempo final de ejecucion: 0.0004740000000000022 segundos 

Ejecutando heapSort con 100 elementos del set 'sets/set4.txt'
Tiempo final de ejecucion: 0.0002139999999999989 segundos 



Comenzando ordenamientos sobre 500 elementos

Ejecutando insertionSort con 500 elementos del set 'sets/set4.txt'
Tiempo final de ejecucion: 0.017548 segundos 

Ejecutando selectionSort con 500 elementos del set 'sets/set4.txt'
Tiempo final de ejecucion: 0.01195700000000001 segundos 

Ejecutando mergeSort con 500 elementos del set 'sets/set4.txt'
Tiempo final de ejecucion: 0.002452999999999997 segundos 

Ejecutando quickSort con 500 elementos del set 'sets/set4.txt'
Tiempo final de ejecucion: 0.0013050000000000006 segundos 

Ejecutando heapSort con 500 elementos del set 'sets/set4.txt'
Tiempo final de ejecucion: 0.0004159999999999997 segundos 



Comenzando ordenamientos sobre 1000 elementos

Ejecutando insertionSort con 1000 elementos del set 'sets/set4.txt'
Tiempo final de ejecucion: 0.053034999999999985 segundos 

Ejecutando selectionSort con 1000 elementos del set 'sets/set4.txt'
Tiempo final de ejecucion: 0.04588500000000001 segundos 

Ejecutando mergeSort con 1000 elementos del set 'sets/set4.txt'
Tiempo final de ejecucion: 0.005174999999999985 segundos 

Ejecutando quickSort con 1000 elementos del set 'sets/set4.txt'
Tiempo final de ejecucion: 0.0026589999999999947 segundos 

Ejecutando heapSort con 1000 elementos del set 'sets/set4.txt'
Tiempo final de ejecucion: 0.0008340000000000014 segundos 



Comenzando ordenamientos sobre 2000 elementos

Ejecutando insertionSort con 2000 elementos del set 'sets/set4.txt'
Tiempo final de ejecucion: 0.20018700000000003 segundos 

Ejecutando selectionSort con 2000 elementos del set 'sets/set4.txt'
Tiempo final de ejecucion: 0.193554 segundos 

Ejecutando mergeSort con 2000 elementos del set 'sets/set4.txt'
Tiempo final de ejecucion: 0.011623999999999968 segundos 

Ejecutando quickSort con 2000 elementos del set 'sets/set4.txt'
Tiempo final de ejecucion: 0.005770000000000053 segundos 

Ejecutando heapSort con 2000 elementos del set 'sets/set4.txt'
Tiempo final de ejecucion: 0.001739000000000046 segundos 



Comenzando ordenamientos sobre 3000 elementos

Ejecutando insertionSort con 3000 elementos del set 'sets/set4.txt'
Tiempo final de ejecucion: 0.479085 segundos 

Ejecutando selectionSort con 3000 elementos del set 'sets/set4.txt'
Tiempo final de ejecucion: 0.40092400000000006 segundos 

Ejecutando mergeSort con 3000 elementos del set 'sets/set4.txt'
Tiempo final de ejecucion: 0.018594999999999917 segundos 

Ejecutando quickSort con 3000 elementos del set 'sets/set4.txt'
Tiempo final de ejecucion: 0.009447999999999901 segundos 

Ejecutando heapSort con 3000 elementos del set 'sets/set4.txt'
Tiempo final de ejecucion: 0.0027519999999998657 segundos 



Comenzando ordenamientos sobre 4000 elementos

Ejecutando insertionSort con 4000 elementos del set 'sets/set4.txt'
Tiempo final de ejecucion: 0.846346 segundos 

Ejecutando selectionSort con 4000 elementos del set 'sets/set4.txt'
Tiempo final de ejecucion: 0.7131889999999999 segundos 

Ejecutando mergeSort con 4000 elementos del set 'sets/set4.txt'
Tiempo final de ejecucion: 0.029408999999999796 segundos 

Ejecutando quickSort con 4000 elementos del set 'sets/set4.txt'
Tiempo final de ejecucion: 0.014506000000000352 segundos 

Ejecutando heapSort con 4000 elementos del set 'sets/set4.txt'
Tiempo final de ejecucion: 0.004803000000000335 segundos 



Comenzando ordenamientos sobre 5000 elementos

Ejecutando insertionSort con 5000 elementos del set 'sets/set4.txt'
Tiempo final de ejecucion: 1.3059379999999998 segundos 

Ejecutando selectionSort con 5000 elementos del set 'sets/set4.txt'
Tiempo final de ejecucion: 1.1372599999999995 segundos 

Ejecutando mergeSort con 5000 elementos del set 'sets/set4.txt'
Tiempo final de ejecucion: 0.03260299999999994 segundos 

Ejecutando quickSort con 5000 elementos del set 'sets/set4.txt'
Tiempo final de ejecucion: 0.015438999999999758 segundos 

Ejecutando heapSort con 5000 elementos del set 'sets/set4.txt'
Tiempo final de ejecucion: 0.0045560000000000045 segundos 



Comenzando ordenamientos sobre 7500 elementos

Ejecutando insertionSort con 7500 elementos del set 'sets/set4.txt'
Tiempo final de ejecucion: 2.92164 segundos 

Ejecutando selectionSort con 7500 elementos del set 'sets/set4.txt'
Tiempo final de ejecucion: 2.468095 segundos 

Ejecutando mergeSort con 7500 elementos del set 'sets/set4.txt'
Tiempo final de ejecucion: 0.04832400000000092 segundos 

Ejecutando quickSort con 7500 elementos del set 'sets/set4.txt'
Tiempo final de ejecucion: 0.023618000000000805 segundos 

Ejecutando heapSort con 7500 elementos del set 'sets/set4.txt'
Tiempo final de ejecucion: 0.007037000000000404 segundos 



Comenzando ordenamientos sobre 10000 elementos

Ejecutando insertionSort con 10000 elementos del set 'sets/set4.txt'
Tiempo final de ejecucion: 5.276990999999999 segundos 

Ejecutando selectionSort con 10000 elementos del set 'sets/set4.txt'
Tiempo final de ejecucion: 4.394136 segundos 

Ejecutando mergeSort con 10000 elementos del set 'sets/set4.txt'
Tiempo final de ejecucion: 0.06593300000000113 segundos 

Ejecutando quickSort con 10000 elementos del set 'sets/set4.txt'
Tiempo final de ejecucion: 0.032263000000000375 segundos 

Ejecutando heapSort con 10000 elementos del set 'sets/set4.txt'
Tiempo final de ejecucion: 0.009613999999999123 segundos 

