

Comenzando ordenamientos sobre 50 elementos

Ejecutando insertionSort con 50 elementos del set 'sets/set5.txt'
Tiempo final de ejecucion: 0.000673 segundos 

Ejecutando selectionSort con 50 elementos del set 'sets/set5.txt'
Tiempo final de ejecucion: 0.0006829999999999961 segundos 

Ejecutando mergeSort con 50 elementos del set 'sets/set5.txt'
Tiempo final de ejecucion: 0.0006600000000000009 segundos 

Ejecutando quickSort con 50 elementos del set 'sets/set5.txt'
Tiempo final de ejecucion: 0.00039300000000000446 segundos 

Ejecutando heapSort con 50 elementos del set 'sets/set5.txt'
Tiempo final de ejecucion: 0.0002050000000000038 segundos 



Comenzando ordenamientos sobre 100 elementos

Ejecutando insertionSort con 100 elementos del set 'sets/set5.txt'
Tiempo final de ejecucion: 0.001575 segundos 

Ejecutando selectionSort con 100 elementos del set 'sets/set5.txt'
Tiempo final de ejecucion: 0.0012780000000000014 segundos 

Ejecutando mergeSort con 100 elementos del set 'sets/set5.txt'
Tiempo final de ejecucion: 0.0008329999999999935 segundos 

Ejecutando quickSort con 100 elementos del set 'sets/set5.txt'
Tiempo final de ejecucion: 0.0004760000000000042 segundos 

Ejecutando heapSort con 100 elementos del set 'sets/set5.txt'
Tiempo final de ejecucion: 0.00020799999999999985 segundos 



Comenzando ordenamientos sobre 500 elementos

Ejecutando insertionSort con 500 elementos del set 'sets/set5.txt'
Tiempo final de ejecucion: 0.016044999999999997 segundos 

Ejecutando selectionSort con 500 elementos del set 'sets/set5.txt'
Tiempo final de ejecucion: 0.011595000000000008 segundos 

Ejecutando mergeSort con 500 elementos del set 'sets/set5.txt'
Tiempo final de ejecucion: 0.0023250000000000076 segundos 

Ejecutando quickSort con 500 elementos del set 'sets/set5.txt'
Tiempo final de ejecucion: 0.0012640000000000012 segundos 

Ejecutando heapSort con 500 elementos del set 'sets/set5.txt'
Tiempo final de ejecucion: 0.0004110000000000086 segundos 



Comenzando ordenamientos sobre 1000 elementos

Ejecutando insertionSort con 1000 elementos del set 'sets/set5.txt'
Tiempo final de ejecucion: 0.04972499999999999 segundos 

Ejecutando selectionSort con 1000 elementos del set 'sets/set5.txt'
Tiempo final de ejecucion: 0.04682 segundos 

Ejecutando mergeSort con 1000 elementos del set 'sets/set5.txt'
Tiempo final de ejecucion: 0.005016999999999994 segundos 

Ejecutando quickSort con 1000 elementos del set 'sets/set5.txt'
Tiempo final de ejecucion: 0.002803 segundos 

Ejecutando heapSort con 1000 elementos del set 'sets/set5.txt'
Tiempo final de ejecucion: 0.0008470000000000144 segundos 



Comenzando ordenamientos sobre 2000 elementos

Ejecutando insertionSort con 2000 elementos del set 'sets/set5.txt'
Tiempo final de ejecucion: 0.22946900000000003 segundos 

Ejecutando selectionSort con 2000 elementos del set 'sets/set5.txt'
Tiempo final de ejecucion: 0.18900699999999998 segundos 

Ejecutando mergeSort con 2000 elementos del set 'sets/set5.txt'
Tiempo final de ejecucion: 0.01205299999999998 segundos 

Ejecutando quickSort con 2000 elementos del set 'sets/set5.txt'
Tiempo final de ejecucion: 0.006024000000000029 segundos 

Ejecutando heapSort con 2000 elementos del set 'sets/set5.txt'
Tiempo final de ejecucion: 0.0017679999999999918 segundos 



Comenzando ordenamientos sobre 3000 elementos

Ejecutando insertionSort con 3000 elementos del set 'sets/set5.txt'
Tiempo final de ejecucion: 0.5008289999999999 segundos 

Ejecutando selectionSort con 3000 elementos del set 'sets/set5.txt'
Tiempo final de ejecucion: 0.40077300000000005 segundos 

Ejecutando mergeSort con 3000 elementos del set 'sets/set5.txt'
Tiempo final de ejecucion: 0.01800899999999994 segundos 

Ejecutando quickSort con 3000 elementos del set 'sets/set5.txt'
Tiempo final de ejecucion: 0.009447999999999901 segundos 

Ejecutando heapSort con 3000 elementos del set 'sets/set5.txt'
Tiempo final de ejecucion: 0.002759000000000178 segundos 



Comenzando ordenamientos sobre 4000 elementos

Ejecutando insertionSort con 4000 elementos del set 'sets/set5.txt'
Tiempo final de ejecucion: 0.860285 segundos 

Ejecutando selectionSort con 4000 elementos del set 'sets/set5.txt'
Tiempo final de ejecucion: 0.70078 segundos 

Ejecutando mergeSort con 4000 elementos del set 'sets/set5.txt'
Tiempo final de ejecucion: 0.023364000000000384 segundos 

Ejecutando quickSort con 4000 elementos del set 'sets/set5.txt'
Tiempo final de ejecucion: 0.012316999999999911 segundos 

Ejecutando heapSort con 4000 elementos del set 'sets/set5.txt'
Tiempo final de ejecucion: 0.003591000000000122 segundos 



Comenzando ordenamientos sobre 5000 elementos

Ejecutando insertionSort con 5000 elementos del set 'sets/set5.txt'
Tiempo final de ejecucion: 1.3310139999999997 segundos 

Ejecutando selectionSort con 5000 elementos del set 'sets/set5.txt'
Tiempo final de ejecucion: 1.1668060000000002 segundos 

Ejecutando mergeSort con 5000 elementos del set 'sets/set5.txt'
Tiempo final de ejecucion: 0.03047800000000045 segundos 

Ejecutando quickSort con 5000 elementos del set 'sets/set5.txt'
Tiempo final de ejecucion: 0.016103999999999452 segundos 

Ejecutando heapSort con 5000 elementos del set 'sets/set5.txt'
Tiempo final de ejecucion: 0.004678000000000182 segundos 



Comenzando ordenamientos sobre 7500 elementos

Ejecutando insertionSort con 7500 elementos del set 'sets/set5.txt'
Tiempo final de ejecucion: 3.061145 segundos 

Ejecutando selectionSort con 7500 elementos del set 'sets/set5.txt'
Tiempo final de ejecucion: 2.4906049999999986 segundos 

Ejecutando mergeSort con 7500 elementos del set 'sets/set5.txt'
Tiempo final de ejecucion: 0.04658500000000032 segundos 

Ejecutando quickSort con 7500 elementos del set 'sets/set5.txt'
Tiempo final de ejecucion: 0.02394799999999897 segundos 

Ejecutando heapSort con 7500 elementos del set 'sets/set5.txt'
Tiempo final de ejecucion: 0.007114999999998872 segundos 



Comenzando ordenamientos sobre 10000 elementos

Ejecutando insertionSort con 10000 elementos del set 'sets/set5.txt'
Tiempo final de ejecucion: 5.326623999999999 segundos 

Ejecutando selectionSort con 10000 elementos del set 'sets/set5.txt'
Tiempo final de ejecucion: 4.582189 segundos 

Ejecutando mergeSort con 10000 elementos del set 'sets/set5.txt'
Tiempo final de ejecucion: 0.0694209999999984 segundos 

Ejecutando quickSort con 10000 elementos del set 'sets/set5.txt'
Tiempo final de ejecucion: 0.03553899999999999 segundos 

Ejecutando heapSort con 10000 elementos del set 'sets/set5.txt'
Tiempo final de ejecucion: 0.01011100000000198 segundos 

