

Comenzando ordenamientos sobre 50 elementos

Ejecutando insertionSort con 50 elementos del set 'sets/set6.txt'
Tiempo final de ejecucion: 0.0006490000000000037 segundos 

Ejecutando selectionSort con 50 elementos del set 'sets/set6.txt'
Tiempo final de ejecucion: 0.0006459999999999938 segundos 

Ejecutando mergeSort con 50 elementos del set 'sets/set6.txt'
Tiempo final de ejecucion: 0.0006390000000000007 segundos 

Ejecutando quickSort con 50 elementos del set 'sets/set6.txt'
Tiempo final de ejecucion: 0.00041100000000000164 segundos 

Ejecutando heapSort con 50 elementos del set 'sets/set6.txt'
Tiempo final de ejecucion: 0.00021100000000000285 segundos 



Comenzando ordenamientos sobre 100 elementos

Ejecutando insertionSort con 100 elementos del set 'sets/set6.txt'
Tiempo final de ejecucion: 0.0016279999999999975 segundos 

Ejecutando selectionSort con 100 elementos del set 'sets/set6.txt'
Tiempo final de ejecucion: 0.0018490000000000034 segundos 

Ejecutando mergeSort con 100 elementos del set 'sets/set6.txt'
Tiempo final de ejecucion: 0.001696000000000003 segundos 

Ejecutando quickSort con 100 elementos del set 'sets/set6.txt'
Tiempo final de ejecucion: 0.0007549999999999918 segundos 

Ejecutando heapSort con 100 elementos del set 'sets/set6.txt'
Tiempo final de ejecucion: 0.0003500000000000031 segundos 



Comenzando ordenamientos sobre 500 elementos

Ejecutando insertionSort con 500 elementos del set 'sets/set6.txt'
Tiempo final de ejecucion: 0.015379000000000004 segundos 

Ejecutando selectionSort con 500 elementos del set 'sets/set6.txt'
Tiempo final de ejecucion: 0.01217 segundos 

Ejecutando mergeSort con 500 elementos del set 'sets/set6.txt'
Tiempo final de ejecucion: 0.0024109999999999965 segundos 

Ejecutando quickSort con 500 elementos del set 'sets/set6.txt'
Tiempo final de ejecucion: 0.0012570000000000081 segundos 

Ejecutando heapSort con 500 elementos del set 'sets/set6.txt'
Tiempo final de ejecucion: 0.0004180000000000017 segundos 



Comenzando ordenamientos sobre 1000 elementos

Ejecutando insertionSort con 1000 elementos del set 'sets/set6.txt'
Tiempo final de ejecucion: 0.051555000000000004 segundos 

Ejecutando selectionSort con 1000 elementos del set 'sets/set6.txt'
Tiempo final de ejecucion: 0.047674999999999995 segundos 

Ejecutando mergeSort con 1000 elementos del set 'sets/set6.txt'
Tiempo final de ejecucion: 0.005018999999999996 segundos 

Ejecutando quickSort con 1000 elementos del set 'sets/set6.txt'
Tiempo final de ejecucion: 0.0027459999999999984 segundos 

Ejecutando heapSort con 1000 elementos del set 'sets/set6.txt'
Tiempo final de ejecucion: 0.0008710000000000107 segundos 



Comenzando ordenamientos sobre 2000 elementos

Ejecutando insertionSort con 2000 elementos del set 'sets/set6.txt'
Tiempo final de ejecucion: 0.205916 segundos 

Ejecutando selectionSort con 2000 elementos del set 'sets/set6.txt'
Tiempo final de ejecucion: 0.19177799999999995 segundos 

Ejecutando mergeSort con 2000 elementos del set 'sets/set6.txt'
Tiempo final de ejecucion: 0.011208999999999913 segundos 

Ejecutando quickSort con 2000 elementos del set 'sets/set6.txt'
Tiempo final de ejecucion: 0.005847999999999964 segundos 

Ejecutando heapSort con 2000 elementos del set 'sets/set6.txt'
Tiempo final de ejecucion: 0.0017610000000000126 segundos 



Comenzando ordenamientos sobre 3000 elementos

Ejecutando insertionSort con 3000 elementos del set 'sets/set6.txt'
Tiempo final de ejecucion: 0.48527 segundos 

Ejecutando selectionSort con 3000 elementos del set 'sets/set6.txt'
Tiempo final de ejecucion: 0.40659 segundos 

Ejecutando mergeSort con 3000 elementos del set 'sets/set6.txt'
Tiempo final de ejecucion: 0.017981000000000025 segundos 

Ejecutando quickSort con 3000 elementos del set 'sets/set6.txt'
Tiempo final de ejecucion: 0.008963999999999972 segundos 

Ejecutando heapSort con 3000 elementos del set 'sets/set6.txt'
Tiempo final de ejecucion: 0.0026880000000000237 segundos 



Comenzando ordenamientos sobre 4000 elementos

Ejecutando insertionSort con 4000 elementos del set 'sets/set6.txt'
Tiempo final de ejecucion: 0.8627929999999999 segundos 

Ejecutando selectionSort con 4000 elementos del set 'sets/set6.txt'
Tiempo final de ejecucion: 0.6986749999999997 segundos 

Ejecutando mergeSort con 4000 elementos del set 'sets/set6.txt'
Tiempo final de ejecucion: 0.023897999999999975 segundos 

Ejecutando quickSort con 4000 elementos del set 'sets/set6.txt'
Tiempo final de ejecucion: 0.012237000000000275 segundos 

Ejecutando heapSort con 4000 elementos del set 'sets/set6.txt'
Tiempo final de ejecucion: 0.0037629999999997388 segundos 



Comenzando ordenamientos sobre 5000 elementos

Ejecutando insertionSort con 5000 elementos del set 'sets/set6.txt'
Tiempo final de ejecucion: 1.3093760000000003 segundos 

Ejecutando selectionSort con 5000 elementos del set 'sets/set6.txt'
Tiempo final de ejecucion: 1.1278430000000004 segundos 

Ejecutando mergeSort con 5000 elementos del set 'sets/set6.txt'
Tiempo final de ejecucion: 0.0307959999999996 segundos 

Ejecutando quickSort con 5000 elementos del set 'sets/set6.txt'
Tiempo final de ejecucion: 0.01561599999999963 segundos 

Ejecutando heapSort con 5000 elementos del set 'sets/set6.txt'
Tiempo final de ejecucion: 0.004691999999999474 segundos 



Comenzando ordenamientos sobre 7500 elementos

Ejecutando insertionSort con 7500 elementos del set 'sets/set6.txt'
Tiempo final de ejecucion: 3.043085999999999 segundos 

Ejecutando selectionSort con 7500 elementos del set 'sets/set6.txt'
Tiempo final de ejecucion: 2.709185999999999 segundos 

Ejecutando mergeSort con 7500 elementos del set 'sets/set6.txt'
Tiempo final de ejecucion: 0.053751000000000104 segundos 

Ejecutando quickSort con 7500 elementos del set 'sets/set6.txt'
Tiempo final de ejecucion: 0.033057000000001224 segundos 

Ejecutando heapSort con 7500 elementos del set 'sets/set6.txt'
Tiempo final de ejecucion: 0.007239999999999469 segundos 



Comenzando ordenamientos sobre 10000 elementos

Ejecutando insertionSort con 10000 elementos del set 'sets/set6.txt'
Tiempo final de ejecucion: 5.412232000000001 segundos 

Ejecutando selectionSort con 10000 elementos del set 'sets/set6.txt'
Tiempo final de ejecucion: 4.491015999999998 segundos 

Ejecutando mergeSort con 10000 elementos del set 'sets/set6.txt'
Tiempo final de ejecucion: 0.06480599999999725 segundos 

Ejecutando quickSort con 10000 elementos del set 'sets/set6.txt'
Tiempo final de ejecucion: 0.033308999999999145 segundos 

Ejecutando heapSort con 10000 elementos del set 'sets/set6.txt'
Tiempo final de ejecucion: 0.00963599999999687 segundos 

