

Comenzando ordenamientos sobre 50 elementos

Ejecutando insertionSort con 50 elementos del set 'sets/set7.txt'
Tiempo final de ejecucion: 0.0005399999999999988 segundos 

Ejecutando selectionSort con 50 elementos del set 'sets/set7.txt'
Tiempo final de ejecucion: 0.0003270000000000009 segundos 

Ejecutando mergeSort con 50 elementos del set 'sets/set7.txt'
Tiempo final de ejecucion: 0.00031899999999999984 segundos 

Ejecutando quickSort con 50 elementos del set 'sets/set7.txt'
Tiempo final de ejecucion: 0.00018399999999999667 segundos 

Ejecutando heapSort con 50 elementos del set 'sets/set7.txt'
Tiempo final de ejecucion: 0.00011099999999999999 segundos 



Comenzando ordenamientos sobre 100 elementos

Ejecutando insertionSort con 100 elementos del set 'sets/set7.txt'
Tiempo final de ejecucion: 0.0008000000000000021 segundos 

Ejecutando selectionSort con 100 elementos del set 'sets/set7.txt'
Tiempo final de ejecucion: 0.0008499999999999966 segundos 

Ejecutando mergeSort con 100 elementos del set 'sets/set7.txt'
Tiempo final de ejecucion: 0.0006300000000000056 segundos 

Ejecutando quickSort con 100 elementos del set 'sets/set7.txt'
Tiempo final de ejecucion: 0.0003239999999999979 segundos 

Ejecutando heapSort con 100 elementos del set 'sets/set7.txt'
Tiempo final de ejecucion: 0.00015599999999999642 segundos 



Comenzando ordenamientos sobre 500 elementos

Ejecutando insertionSort con 500 elementos del set 'sets/set7.txt'
Tiempo final de ejecucion: 0.014967000000000008 segundos 

Ejecutando selectionSort con 500 elementos del set 'sets/set7.txt'
Tiempo final de ejecucion: 0.011692000000000008 segundos 

Ejecutando mergeSort con 500 elementos del set 'sets/set7.txt'
Tiempo final de ejecucion: 0.0023360000000000047 segundos 

Ejecutando quickSort con 500 elementos del set 'sets/set7.txt'
Tiempo final de ejecucion: 0.0011739999999999945 segundos 

Ejecutando heapSort con 500 elementos del set 'sets/set7.txt'
Tiempo final de ejecucion: 0.0004239999999999938 segundos 



Comenzando ordenamientos sobre 1000 elementos

Ejecutando insertionSort con 1000 elementos del set 'sets/set7.txt'
Tiempo final de ejecucion: 0.050793000000000005 segundos 

Ejecutando selectionSort con 1000 elementos del set 'sets/set7.txt'
Tiempo final de ejecucion: 0.047068 segundos 

Ejecutando mergeSort con 1000 elementos del set 'sets/set7.txt'
Tiempo final de ejecucion: 0.005212999999999995 segundos 

Ejecutando quickSort con 1000 elementos del set 'sets/set7.txt'
Tiempo final de ejecucion: 0.0024980000000000002 segundos 

Ejecutando heapSort con 1000 elementos del set 'sets/set7.txt'
Tiempo final de ejecucion: 0.0008110000000000062 segundos 



Comenzando ordenamientos sobre 2000 elementos

Ejecutando insertionSort con 2000 elementos del set 'sets/set7.txt'
Tiempo final de ejecucion: 0.220734 segundos 

Ejecutando selectionSort con 2000 elementos del set 'sets/set7.txt'
Tiempo final de ejecucion: 0.18552199999999996 segundos 

Ejecutando mergeSort con 2000 elementos del set 'sets/set7.txt'
Tiempo final de ejecucion: 0.011388000000000065 segundos 

Ejecutando quickSort con 2000 elementos del set 'sets/set7.txt'
Tiempo final de ejecucion: 0.005476000000000036 segundos 

Ejecutando heapSort con 2000 elementos del set 'sets/set7.txt'
Tiempo final de ejecucion: 0.0016930000000000556 segundos 



Comenzando ordenamientos sobre 3000 elementos

Ejecutando insertionSort con 3000 elementos del set 'sets/set7.txt'
Tiempo final de ejecucion: 0.458595 segundos 

Ejecutando selectionSort con 3000 elementos del set 'sets/set7.txt'
Tiempo final de ejecucion: 0.4034749999999998 segundos 

Ejecutando mergeSort con 3000 elementos del set 'sets/set7.txt'
Tiempo final de ejecucion: 0.017873000000000028 segundos 

Ejecutando quickSort con 3000 elementos del set 'sets/set7.txt'
Tiempo final de ejecucion: 0.008656999999999915 segundos 

Ejecutando heapSort con 3000 elementos del set 'sets/set7.txt'
Tiempo final de ejecucion: 0.0026680000000001147 segundos 



Comenzando ordenamientos sobre 4000 elementos

Ejecutando insertionSort con 4000 elementos del set 'sets/set7.txt'
Tiempo final de ejecucion: 0.8312720000000002 segundos 

Ejecutando selectionSort con 4000 elementos del set 'sets/set7.txt'
Tiempo final de ejecucion: 0.7168230000000002 segundos 

Ejecutando mergeSort con 4000 elementos del set 'sets/set7.txt'
Tiempo final de ejecucion: 0.023969999999999825 segundos 

Ejecutando quickSort con 4000 elementos del set 'sets/set7.txt'
Tiempo final de ejecucion: 0.011675999999999576 segundos 

Ejecutando heapSort con 4000 elementos del set 'sets/set7.txt'
Tiempo final de ejecucion: 0.0037650000000000183 segundos 



Comenzando ordenamientos sobre 5000 elementos

Ejecutando insertionSort con 5000 elementos del set 'sets/set7.txt'
Tiempo final de ejecucion: 1.3248929999999994 segundos 

Ejecutando selectionSort con 5000 elementos del set 'sets/set7.txt'
Tiempo final de ejecucion: 1.1569200000000004 segundos 

Ejecutando mergeSort con 5000 elementos del set 'sets/set7.txt'
Tiempo final de ejecucion: 0.0314230000000002 segundos 

Ejecutando quickSort con 5000 elementos del set 'sets/set7.txt'
Tiempo final de ejecucion: 0.01513999999999971 segundos 

Ejecutando heapSort con 5000 elementos del set 'sets/set7.txt'
Tiempo final de ejecucion: 0.004615999999999509 segundos 



Comenzando ordenamientos sobre 7500 elementos

Ejecutando insertionSort con 7500 elementos del set 'sets/set7.txt'
Tiempo final de ejecucion: 2.951448000000001 segundos 

Ejecutando selectionSort con 7500 elementos del set 'sets/set7.txt'
Tiempo final de ejecucion: 2.5149729999999995 segundos 

Ejecutando mergeSort con 7500 elementos del set 'sets/set7.txt'
Tiempo final de ejecucion: 0.0484770000000001 segundos 

Ejecutando quickSort con 7500 elementos del set 'sets/set7.txt'
Tiempo final de ejecucion: 0.023976000000001108 segundos 

Ejecutando heapSort con 7500 elementos del set 'sets/set7.txt'
Tiempo final de ejecucion: 0.007524000000000086 segundos 



Comenzando ordenamientos sobre 10000 elementos

Ejecutando insertionSort con 10000 elementos del set 'sets/set7.txt'
Tiempo final de ejecucion: 5.357910999999998 segundos 

Ejecutando selectionSort con 10000 elementos del set 'sets/set7.txt'
Tiempo final de ejecucion: 4.489474999999999 segundos 

Ejecutando mergeSort con 10000 elementos del set 'sets/set7.txt'
Tiempo final de ejecucion: 0.06559299999999979 segundos 

Ejecutando quickSort con 10000 elementos del set 'sets/set7.txt'
Tiempo final de ejecucion: 0.03209600000000279 segundos 

Ejecutando heapSort con 10000 elementos del set 'sets/set7.txt'
Tiempo final de ejecucion: 0.00957299999999961 segundos 

