

Comenzando ordenamientos sobre 50 elementos

Ejecutando insertionSort con 50 elementos del set 'sets/set8.txt'
Tiempo final de ejecucion: 0.0007270000000000054 segundos 

Ejecutando selectionSort con 50 elementos del set 'sets/set8.txt'
Tiempo final de ejecucion: 0.0006260000000000016 segundos 

Ejecutando mergeSort con 50 elementos del set 'sets/set8.txt'
Tiempo final de ejecucion: 0.0006540000000000018 segundos 

Ejecutando quickSort con 50 elementos del set 'sets/set8.txt'
Tiempo final de ejecucion: 0.0004070000000000046 segundos 

Ejecutando heapSort con 50 elementos del set 'sets/set8.txt'
Tiempo final de ejecucion: 0.00020399999999999585 segundos 



Comenzando ordenamientos sobre 100 elementos

Ejecutando insertionSort con 100 elementos del set 'sets/set8.txt'
Tiempo final de ejecucion: 0.0016770000000000049 segundos 

Ejecutando selectionSort con 100 elementos del set 'sets/set8.txt'
Tiempo final de ejecucion: 0.0017100000000000032 segundos 

Ejecutando mergeSort con 100 elementos del set 'sets/set8.txt'
Tiempo final de ejecucion: 0.001016000000000003 segundos 

Ejecutando quickSort con 100 elementos del set 'sets/set8.txt'
Tiempo final de ejecucion: 0.00036499999999999727 segundos 

Ejecutando heapSort con 100 elementos del set 'sets/set8.txt'
Tiempo final de ejecucion: 0.00015899999999999942 segundos 



Comenzando ordenamientos sobre 500 elementos

Ejecutando insertionSort con 500 elementos del set 'sets/set8.txt'
Tiempo final de ejecucion: 0.016279000000000002 segundos 

Ejecutando selectionSort con 500 elementos del set 'sets/set8.txt'
Tiempo final de ejecucion: 0.011413000000000006 segundos 

Ejecutando mergeSort con 500 elementos del set 'sets/set8.txt'
Tiempo final de ejecucion: 0.0024010000000000004 segundos 

Ejecutando quickSort con 500 elementos del set 'sets/set8.txt'
Tiempo final de ejecucion: 0.0012689999999999924 segundos 

Ejecutando heapSort con 500 elementos del set 'sets/set8.txt'
Tiempo final de ejecucion: 0.0004149999999999987 segundos 



Comenzando ordenamientos sobre 1000 elementos

Ejecutando insertionSort con 1000 elementos del set 'sets/set8.txt'
Tiempo final de ejecucion: 0.049160999999999996 segundos 

Ejecutando selectionSort con 1000 elementos del set 'sets/set8.txt'
Tiempo final de ejecucion: 0.04739499999999999 segundos 

Ejecutando mergeSort con 1000 elementos del set 'sets/set8.txt'
Tiempo final de ejecucion: 0.005226999999999982 segundos 

Ejecutando quickSort con 1000 elementos del set 'sets/set8.txt'
Tiempo final de ejecucion: 0.002716999999999997 segundos 

Ejecutando heapSort con 1000 elementos del set 'sets/set8.txt'
Tiempo final de ejecucion: 0.0008309999999999984 segundos 



Comenzando ordenamientos sobre 2000 elementos

Ejecutando insertionSort con 2000 elementos del set 'sets/set8.txt'
Tiempo final de ejecucion: 0.20678899999999997 segundos 

Ejecutando selectionSort con 2000 elementos del set 'sets/set8.txt'
Tiempo final de ejecucion: 0.18161200000000005 segundos 

Ejecutando mergeSort con 2000 elementos del set 'sets/set8.txt'
Tiempo final de ejecucion: 0.01129800000000003 segundos 

Ejecutando quickSort con 2000 elementos del set 'sets/set8.txt'
Tiempo final de ejecucion: 0.005792000000000019 segundos 

Ejecutando heapSort con 2000 elementos del set 'sets/set8.txt'
Tiempo final de ejecucion: 0.0017690000000000206 segundos 



Comenzando ordenamientos sobre 3000 elementos

Ejecutando insertionSort con 3000 elementos del set 'sets/set8.txt'
Tiempo final de ejecucion: 0.4574489999999999 segundos 

Ejecutando selectionSort con 3000 elementos del set 'sets/set8.txt'
Tiempo final de ejecucion: 0.4200579999999998 segundos 

Ejecutando mergeSort con 3000 elementos del set 'sets/set8.txt'
Tiempo final de ejecucion: 0.017832999999999988 segundos 

Ejecutando quickSort con 3000 elementos del set 'sets/set8.txt'
Tiempo final de ejecucion: 0.009018999999999888 segundos 

Ejecutando heapSort con 3000 elementos del set 'sets/set8.txt'
Tiempo final de ejecucion: 0.0025980000000001002 segundos 



Comenzando ordenamientos sobre 4000 elementos

Ejecutando insertionSort con 4000 elementos del set 'sets/set8.txt'
Tiempo final de ejecucion: 0.8190060000000001 segundos 

Ejecutando selectionSort con 4000 elementos del set 'sets/set8.txt'
Tiempo final de ejecucion: 0.7149390000000002 segundos 

Ejecutando mergeSort con 4000 elementos del set 'sets/set8.txt'
Tiempo final de ejecucion: 0.024356000000000044 segundos 

Ejecutando quickSort con 4000 elementos del set 'sets/set8.txt'
Tiempo final de ejecucion: 0.012165999999999677 segundos 

Ejecutando heapSort con 4000 elementos del set 'sets/set8.txt'
Tiempo final de ejecucion: 0.0035400000000000986 segundos 



Comenzando ordenamientos sobre 5000 elementos

Ejecutando insertionSort con 5000 elementos del set 'sets/set8.txt'
Tiempo final de ejecucion: 1.2768600000000006 segundos 

Ejecutando selectionSort con 5000 elementos del set 'sets/set8.txt'
Tiempo final de ejecucion: 1.1506949999999998 segundos 

Ejecutando mergeSort con 5000 elementos del set 'sets/set8.txt'
Tiempo final de ejecucion: 0.030827000000000382 segundos 

Ejecutando quickSort con 5000 elementos del set 'sets/set8.txt'
Tiempo final de ejecucion: 0.015607000000000149 segundos 

Ejecutando heapSort con 5000 elementos del set 'sets/set8.txt'
Tiempo final de ejecucion: 0.004515000000000491 segundos 



Comenzando ordenamientos sobre 7500 elementos

Ejecutando insertionSort con 7500 elementos del set 'sets/set8.txt'
Tiempo final de ejecucion: 2.8844779999999997 segundos 

Ejecutando selectionSort con 7500 elementos del set 'sets/set8.txt'
Tiempo final de ejecucion: 2.5530530000000002 segundos 

Ejecutando mergeSort con 7500 elementos del set 'sets/set8.txt'
Tiempo final de ejecucion: 0.048809000000000324 segundos 

Ejecutando quickSort con 7500 elementos del set 'sets/set8.txt'
Tiempo final de ejecucion: 0.024436999999998932 segundos 

Ejecutando heapSort con 7500 elementos del set 'sets/set8.txt'
Tiempo final de ejecucion: 0.007056999999999647 segundos 



Comenzando ordenamientos sobre 10000 elementos

Ejecutando insertionSort con 10000 elementos del set 'sets/set8.txt'
Tiempo final de ejecucion: 5.134682999999999 segundos 

Ejecutando selectionSort con 10000 elementos del set 'sets/set8.txt'
Tiempo final de ejecucion: 4.497153000000001 segundos 

Ejecutando mergeSort con 10000 elementos del set 'sets/set8.txt'
Tiempo final de ejecucion: 0.06783599999999979 segundos 

Ejecutando quickSort con 10000 elementos del set 'sets/set8.txt'
Tiempo final de ejecucion: 0.035174999999998846 segundos 

Ejecutando heapSort con 10000 elementos del set 'sets/set8.txt'
Tiempo final de ejecucion: 0.009883000000002085 segundos 

