

Comenzando ordenamientos sobre 50 elementos

Ejecutando insertionSort con 50 elementos del set 'sets/set9.txt'
Tiempo final de ejecucion: 0.0006950000000000012 segundos 

Ejecutando selectionSort con 50 elementos del set 'sets/set9.txt'
Tiempo final de ejecucion: 0.000670999999999998 segundos 

Ejecutando mergeSort con 50 elementos del set 'sets/set9.txt'
Tiempo final de ejecucion: 0.0006429999999999977 segundos 

Ejecutando quickSort con 50 elementos del set 'sets/set9.txt'
Tiempo final de ejecucion: 0.00039000000000000146 segundos 

Ejecutando heapSort con 50 elementos del set 'sets/set9.txt'
Tiempo final de ejecucion: 0.0002540000000000042 segundos 



Comenzando ordenamientos sobre 100 elementos

Ejecutando insertionSort con 100 elementos del set 'sets/set9.txt'
Tiempo final de ejecucion: 0.0016549999999999968 segundos 

Ejecutando selectionSort con 100 elementos del set 'sets/set9.txt'
Tiempo final de ejecucion: 0.0017179999999999973 segundos 

Ejecutando mergeSort con 100 elementos del set 'sets/set9.txt'
Tiempo final de ejecucion: 0.0008780000000000038 segundos 

Ejecutando quickSort con 100 elementos del set 'sets/set9.txt'
Tiempo final de ejecucion: 0.0003949999999999995 segundos 

Ejecutando heapSort con 100 elementos del set 'sets/set9.txt'
Tiempo final de ejecucion: 0.0001810000000000006 segundos 



Comenzando ordenamientos sobre 500 elementos

Ejecutando insertionSort con 500 elementos del set 'sets/set9.txt'
Tiempo final de ejecucion: 0.015627000000000002 segundos 

Ejecutando selectionSort con 500 elementos del set 'sets/set9.txt'
Tiempo final de ejecucion: 0.012101 segundos 

Ejecutando mergeSort con 500 elementos del set 'sets/set9.txt'
Tiempo final de ejecucion: 0.002357999999999999 segundos 

Ejecutando quickSort con 500 elementos del set 'sets/set9.txt'
Tiempo final de ejecucion: 0.0012250000000000039 segundos 

Ejecutando heapSort con 500 elementos del set 'sets/set9.txt'
Tiempo final de ejecucion: 0.0004330000000000028 segundos 



Comenzando ordenamientos sobre 1000 elementos

Ejecutando insertionSort con 1000 elementos del set 'sets/set9.txt'
Tiempo final de ejecucion: 0.049447000000000005 segundos 

Ejecutando selectionSort con 1000 elementos del set 'sets/set9.txt'
Tiempo final de ejecucion: 0.044120999999999994 segundos 

Ejecutando mergeSort con 1000 elementos del set 'sets/set9.txt'
Tiempo final de ejecucion: 0.005364000000000008 segundos 

Ejecutando quickSort con 1000 elementos del set 'sets/set9.txt'
Tiempo final de ejecucion: 0.002605000000000024 segundos 

Ejecutando heapSort con 1000 elementos del set 'sets/set9.txt'
Tiempo final de ejecucion: 0.0008350000000000024 segundos 



Comenzando ordenamientos sobre 2000 elementos

Ejecutando insertionSort con 2000 elementos del set 'sets/set9.txt'
Tiempo final de ejecucion: 0.199827 segundos 

Ejecutando selectionSort con 2000 elementos del set 'sets/set9.txt'
Tiempo final de ejecucion: 0.17397 segundos 

Ejecutando mergeSort con 2000 elementos del set 'sets/set9.txt'
Tiempo final de ejecucion: 0.010921999999999987 segundos 

Ejecutando quickSort con 2000 elementos del set 'sets/set9.txt'
Tiempo final de ejecucion: 0.005719999999999947 segundos 

Ejecutando heapSort con 2000 elementos del set 'sets/set9.txt'
Tiempo final de ejecucion: 0.0017409999999999926 segundos 



Comenzando ordenamientos sobre 3000 elementos

Ejecutando insertionSort con 3000 elementos del set 'sets/set9.txt'
Tiempo final de ejecucion: 0.4638650000000001 segundos 

Ejecutando selectionSort con 3000 elementos del set 'sets/set9.txt'
Tiempo final de ejecucion: 0.411848 segundos 

Ejecutando mergeSort con 3000 elementos del set 'sets/set9.txt'
Tiempo final de ejecucion: 0.017812999999999857 segundos 

Ejecutando quickSort con 3000 elementos del set 'sets/set9.txt'
Tiempo final de ejecucion: 0.008782000000000068 segundos 

Ejecutando heapSort con 3000 elementos del set 'sets/set9.txt'
Tiempo final de ejecucion: 0.0026289999999999925 segundos 



Comenzando ordenamientos sobre 4000 elementos

Ejecutando insertionSort con 4000 elementos del set 'sets/set9.txt'
Tiempo final de ejecucion: 0.818149 segundos 

Ejecutando selectionSort con 4000 elementos del set 'sets/set9.txt'
Tiempo final de ejecucion: 0.768694 segundos 

Ejecutando mergeSort con 4000 elementos del set 'sets/set9.txt'
Tiempo final de ejecucion: 0.023533999999999722 segundos 

Ejecutando quickSort con 4000 elementos del set 'sets/set9.txt'
Tiempo final de ejecucion: 0.011727000000000043 segundos 

Ejecutando heapSort con 4000 elementos del set 'sets/set9.txt'
Tiempo final de ejecucion: 0.0035240000000000826 segundos 



Comenzando ordenamientos sobre 5000 elementos

Ejecutando insertionSort con 5000 elementos del set 'sets/set9.txt'
Tiempo final de ejecucion: 1.3042429999999996 segundos 

Ejecutando selectionSort con 5000 elementos del set 'sets/set9.txt'
Tiempo final de ejecucion: 1.1612869999999997 segundos 

Ejecutando mergeSort con 5000 elementos del set 'sets/set9.txt'
Tiempo final de ejecucion: 0.030357999999999663 segundos 

Ejecutando quickSort con 5000 elementos del set 'sets/set9.txt'
Tiempo final de ejecucion: 0.015136000000000038 segundos 

Ejecutando heapSort con 5000 elementos del set 'sets/set9.txt'
Tiempo final de ejecucion: 0.004668000000000561 segundos 



Comenzando ordenamientos sobre 7500 elementos

Ejecutando insertionSort con 7500 elementos del set 'sets/set9.txt'
Tiempo final de ejecucion: 2.972129 segundos 

Ejecutando selectionSort con 7500 elementos del set 'sets/set9.txt'
Tiempo final de ejecucion: 2.466581999999999 segundos 

Ejecutando mergeSort con 7500 elementos del set 'sets/set9.txt'
Tiempo final de ejecucion: 0.0473599999999994 segundos 

Ejecutando quickSort con 7500 elementos del set 'sets/set9.txt'
Tiempo final de ejecucion: 0.02366199999999985 segundos 

Ejecutando heapSort con 7500 elementos del set 'sets/set9.txt'
Tiempo final de ejecucion: 0.00713400000000064 segundos 



Comenzando ordenamientos sobre 10000 elementos

Ejecutando insertionSort con 10000 elementos del set 'sets/set9.txt'
Tiempo final de ejecucion: 5.242208999999999 segundos 

Ejecutando selectionSort con 10000 elementos del set 'sets/set9.txt'
Tiempo final de ejecucion: 4.809260999999999 segundos 

Ejecutando mergeSort con 10000 elementos del set 'sets/set9.txt'
Tiempo final de ejecucion: 0.0647599999999997 segundos 

Ejecutando quickSort con 10000 elementos del set 'sets/set9.txt'
Tiempo final de ejecucion: 0.033667000000001224 segundos 

Ejecutando heapSort con 10000 elementos del set 'sets/set9.txt'
Tiempo final de ejecucion: 0.010310000000000485 segundos 

